<?xml version="1.0" encoding="UTF-8"?>
<!-- Generated by org.testng.reporters.JUnitXMLReporter -->
<testsuite hostname="mayank" ignored="0" name="Command line test" tests="2" failures="0" timestamp="18 May 2020 15:20:36 GMT" time="19.394" errors="0">
  <testcase name="openWebPortalPageTest" time="5.047" classname="com.qa.mgnrega.testcases.MISReportsPageTest"/>
  <testcase name="sendEmailToTeam" time="0.865" classname="com.qa.mgnrega.testcases.MISReportsPageTest"/>
</testsuite> <!-- Command line test -->
