<?xml version="1.0" encoding="UTF-8"?>
<testng-results skipped="0" failed="0" ignored="0" total="2" passed="2">
  <reporter-output>
  </reporter-output>
  <suite name="Default suite" duration-ms="19679" started-at="2020-05-23T18:00:51Z" finished-at="2020-05-23T18:01:11Z">
    <groups>
    </groups>
    <test name="Default test" duration-ms="19679" started-at="2020-05-23T18:00:51Z" finished-at="2020-05-23T18:01:11Z">
      <class name="com.qa.mgnrega.testcases.MISReportsPageTest">
        <test-method status="PASS" signature="setup()[pri:0, instance:com.qa.mgnrega.testcases.MISReportsPageTest@5ad851c9]" name="setup" is-config="true" duration-ms="13505" started-at="2020-05-23T18:00:51Z" finished-at="2020-05-23T18:01:05Z">
          <reporter-output>
          </reporter-output>
        </test-method> <!-- setup -->
        <test-method status="PASS" signature="openWebPortalPageTest()[pri:0, instance:com.qa.mgnrega.testcases.MISReportsPageTest@5ad851c9]" name="openWebPortalPageTest" duration-ms="5482" started-at="2020-05-23T18:01:05Z" finished-at="2020-05-23T18:01:10Z">
          <reporter-output>
          </reporter-output>
        </test-method> <!-- openWebPortalPageTest -->
        <test-method status="PASS" signature="sendEmailToTeam()[pri:1, instance:com.qa.mgnrega.testcases.MISReportsPageTest@5ad851c9]" name="sendEmailToTeam" duration-ms="1" started-at="2020-05-23T18:01:10Z" finished-at="2020-05-23T18:01:10Z">
          <reporter-output>
          </reporter-output>
        </test-method> <!-- sendEmailToTeam -->
        <test-method status="PASS" signature="teardown()[pri:0, instance:com.qa.mgnrega.testcases.MISReportsPageTest@5ad851c9]" name="teardown" is-config="true" duration-ms="654" started-at="2020-05-23T18:01:10Z" finished-at="2020-05-23T18:01:11Z">
          <reporter-output>
          </reporter-output>
        </test-method> <!-- teardown -->
      </class> <!-- com.qa.mgnrega.testcases.MISReportsPageTest -->
    </test> <!-- Default test -->
  </suite> <!-- Default suite -->
</testng-results>
